<?xml version="1.0" encoding="UTF-8"?>
<testsuite name="adventofcode.Day4Test" tests="2" skipped="0" failures="0" errors="0" timestamp="2021-12-10T18:39:28" hostname="MacBook-Pro-de-David.local" time="0.005">
  <properties/>
  <testcase name="Test Part I" classname="adventofcode.Day4Test" time="0.003"/>
  <testcase name="Test Part II" classname="adventofcode.Day4Test" time="0.002"/>
  <system-out><![CDATA[]]></system-out>
  <system-err><![CDATA[]]></system-err>
</testsuite>
