<?xml version="1.0" encoding="UTF-8"?>
<testsuite name="adventofcode.Day1Test" tests="4" skipped="0" failures="0" errors="0" timestamp="2021-12-10T18:39:28" hostname="MacBook-Pro-de-David.local" time="0.022">
  <properties/>
  <testcase name="Ten elements with 7 increases should return 7" classname="adventofcode.Day1Test" time="0.018"/>
  <testcase name="Only one element should return 0" classname="adventofcode.Day1Test" time="0.001"/>
  <testcase name="Two elements with increase should return 0" classname="adventofcode.Day1Test" time="0.001"/>
  <testcase name="Two elements with increase should return 1" classname="adventofcode.Day1Test" time="0.001"/>
  <system-out><![CDATA[]]></system-out>
  <system-err><![CDATA[]]></system-err>
</testsuite>
